This is XeTeX, Version 3.141592653-2.6-0.999993 (TeX Live 2021/W32TeX) (preloaded format=xelatex 2021.5.31)  31 MAY 2021 10:45
entering extended mode
 restricted \write18 enabled.
 %&-line parsing enabled.
**AdditivityOfVariance.tex
(./AdditivityOfVariance.tex
LaTeX2e <2020-10-01> patch level 4
L3 programming layer <2021-05-27>
(c:/Users/sampo/AppData/Roaming/TinyTeX/texmf-dist/tex/latex/tufte-latex/tufte-
handout.cls
Document Class: tufte-handout 2015/06/21 v3.5.2 Tufte-handout class

(c:/Users/sampo/AppData/Roaming/TinyTeX/texmf-dist/tex/latex/tufte-latex/tufte-
common.def
File: tufte-common.def 2015/06/21 v3.5.2 Common code for the Tufte-LaTeX styles


(c:/Users/sampo/AppData/Roaming/TinyTeX/texmf-dist/tex/latex/xkeyval/xkeyval.st
y
Package: xkeyval 2020/11/20 v2.8 package option processing (HA)

(c:/Users/sampo/AppData/Roaming/TinyTeX/texmf-dist/tex/generic/xkeyval/xkeyval.
tex
(c:/Users/sampo/AppData/Roaming/TinyTeX/texmf-dist/tex/generic/xkeyval/xkvutils
.tex
\XKV@toks=\toks15
\XKV@tempa@toks=\toks16

(c:/Users/sampo/AppData/Roaming/TinyTeX/texmf-dist/tex/generic/xkeyval/keyval.t
ex))
\XKV@depth=\count177
File: xkeyval.tex 2014/12/03 v2.7a key=value parser (HA)
))
(c:/Users/sampo/AppData/Roaming/TinyTeX/texmf-dist/tex/latex/xifthen/xifthen.st
y
Package: xifthen 2015/11/05 v1.4.0 Extended ifthen features
(c:/Users/sampo/AppData/Roaming/TinyTeX/texmf-dist/tex/latex/tools/calc.sty
Package: calc 2017/05/25 v4.3 Infix arithmetic (KKT,FJ)
\calc@Acount=\count178
\calc@Bcount=\count179
\calc@Adimen=\dimen138
\calc@Bdimen=\dimen139
\calc@Askip=\skip47
\calc@Bskip=\skip48
LaTeX Info: Redefining \setlength on input line 80.
LaTeX Info: Redefining \addtolength on input line 81.
\calc@Ccount=\count180
\calc@Cskip=\skip49
) (c:/Users/sampo/AppData/Roaming/TinyTeX/texmf-dist/tex/latex/base/ifthen.sty
Package: ifthen 2014/09/29 v1.1c Standard LaTeX ifthen package (DPC)
)
(c:/Users/sampo/AppData/Roaming/TinyTeX/texmf-dist/tex/latex/ifmtarg/ifmtarg.st
y
Package: ifmtarg 2018/04/16 v1.2b check for an empty argument
))
(c:/Users/sampo/AppData/Roaming/TinyTeX/texmf-dist/tex/latex/hardwrap/hardwrap.
sty
Package: hardwrap 2011/02/12 v0.2 Hard wrap messages

(c:/Users/sampo/AppData/Roaming/TinyTeX/texmf-dist/tex/generic/pdftexcmds/pdfte
xcmds.sty
Package: pdftexcmds 2020-06-27 v0.33 Utility functions of pdfTeX for LuaTeX (HO
)

(c:/Users/sampo/AppData/Roaming/TinyTeX/texmf-dist/tex/generic/infwarerr/infwar
err.sty
Package: infwarerr 2019/12/03 v1.5 Providing info/warning/error messages (HO)
) (c:/Users/sampo/AppData/Roaming/TinyTeX/texmf-dist/tex/generic/iftex/iftex.st
y
Package: iftex 2020/03/06 v1.0d TeX engine tests
)
(c:/Users/sampo/AppData/Roaming/TinyTeX/texmf-dist/tex/generic/ltxcmds/ltxcmds.
sty
Package: ltxcmds 2020-05-10 v1.25 LaTeX kernel commands for general use (HO)
)
Package pdftexcmds Info: \pdf@primitive is available.
Package pdftexcmds Info: \pdf@ifprimitive is available.
Package pdftexcmds Info: \pdfdraftmode not found.
)
(c:/Users/sampo/AppData/Roaming/TinyTeX/texmf-dist/tex/generic/iftex/ifxetex.st
y
Package: ifxetex 2019/10/25 v0.7 ifxetex legacy package. Use iftex instead.
)
\hw@charcount=\count181
\hw@wordcount=\count182
\hw@maxprintline=\count183
)
Class tufte-handout Info: Loading the base class `article'
(c:/Users/sampo/AppData/Roaming/TinyTeX/texmf-dist/tex/latex/base/article.cls
Document Class: article 2020/04/10 v1.4m Standard LaTeX document class
(c:/Users/sampo/AppData/Roaming/TinyTeX/texmf-dist/tex/latex/base/size10.clo
File: size10.clo 2020/04/10 v1.4m Standard LaTeX file (size option)
)
\c@part=\count184
\c@section=\count185
\c@subsection=\count186
\c@subsubsection=\count187
\c@paragraph=\count188
\c@subparagraph=\count189
\c@figure=\count190
\c@table=\count191
\abovecaptionskip=\skip50
\belowcaptionskip=\skip51
\bibindent=\dimen140
) (c:/Users/sampo/AppData/Roaming/TinyTeX/texmf-dist/tex/generic/iftex/ifpdf.st
y
Package: ifpdf 2019/10/25 v3.4 ifpdf legacy package. Use iftex instead.
)
(c:/Users/sampo/AppData/Roaming/TinyTeX/texmf-dist/tex/xelatex/xltxtra/xltxtra.
sty
Package: xltxtra 2018/12/31 v0.7 Improvements for the "XeLaTeX" format

(c:/Users/sampo/AppData/Roaming/TinyTeX/texmf-dist/tex/generic/iftex/ifluatex.s
ty
Package: ifluatex 2019/10/25 v1.5 ifluatex legacy package. Use iftex instead.
)
(c:/Users/sampo/AppData/Roaming/TinyTeX/texmf-dist/tex/latex/fontspec/fontspec.
sty
(c:/Users/sampo/AppData/Roaming/TinyTeX/texmf-dist/tex/latex/l3packages/xparse/
xparse.sty
(c:/Users/sampo/AppData/Roaming/TinyTeX/texmf-dist/tex/latex/l3kernel/expl3.sty
Package: expl3 2021-05-27 L3 programming layer (loader) 

(c:/Users/sampo/AppData/Roaming/TinyTeX/texmf-dist/tex/latex/l3backend/l3backen
d-xetex.def
File: l3backend-xetex.def 2021-05-07 L3 backend support: XeTeX
(|extractbb --version)
\c__kernel_sys_dvipdfmx_version_int=\count192
\l__color_backend_stack_int=\count193
\g__color_backend_stack_int=\count194
\g__graphics_track_int=\count195
\l__pdf_internal_box=\box47
\g__pdf_backend_object_int=\count196
\g__pdf_backend_annotation_int=\count197
\g__pdf_backend_link_int=\count198
))
(c:/Users/sampo/AppData/Roaming/TinyTeX/texmf-dist/tex/latex/l3packages/xparse/
xparse-2020-10-01.sty
(c:/Users/sampo/AppData/Roaming/TinyTeX/texmf-dist/tex/latex/l3packages/xparse/
xparse-generic.tex)))
Package: fontspec 2020/02/21 v2.7i Font selection for XeLaTeX and LuaLaTeX

(c:/Users/sampo/AppData/Roaming/TinyTeX/texmf-dist/tex/latex/fontspec/fontspec-
xetex.sty
Package: fontspec-xetex 2020/02/21 v2.7i Font selection for XeLaTeX and LuaLaTe
X
\l__fontspec_script_int=\count199
\l__fontspec_language_int=\count266
\l__fontspec_strnum_int=\count267
\l__fontspec_tmp_int=\count268
\l__fontspec_tmpa_int=\count269
\l__fontspec_tmpb_int=\count270
\l__fontspec_tmpc_int=\count271
\l__fontspec_em_int=\count272
\l__fontspec_emdef_int=\count273
\l__fontspec_strong_int=\count274
\l__fontspec_strongdef_int=\count275
\l__fontspec_tmpa_dim=\dimen141
\l__fontspec_tmpb_dim=\dimen142
\l__fontspec_tmpc_dim=\dimen143
(c:/Users/sampo/AppData/Roaming/TinyTeX/texmf-dist/tex/latex/base/fontenc.sty
Package: fontenc 2020/08/10 v2.0s Standard LaTeX package
)
(c:/Users/sampo/AppData/Roaming/TinyTeX/texmf-dist/tex/latex/fontspec/fontspec.
cfg)))
(c:/Users/sampo/AppData/Roaming/TinyTeX/texmf-dist/tex/latex/realscripts/realsc
ripts.sty
Package: realscripts 2016/02/13 v0.3d Access OpenType subscripts and superscrip
ts
\subsupersep=\dimen144
)
(c:/Users/sampo/AppData/Roaming/TinyTeX/texmf-dist/tex/latex/metalogo/metalogo.
sty
Package: metalogo 2010/05/29 v0.12 Extended TeX logo macros

(c:/Users/sampo/AppData/Roaming/TinyTeX/texmf-dist/tex/latex/graphics/graphicx.
sty
Package: graphicx 2020/09/09 v1.2b Enhanced LaTeX Graphics (DPC,SPQR)

(c:/Users/sampo/AppData/Roaming/TinyTeX/texmf-dist/tex/latex/graphics/graphics.
sty
Package: graphics 2020/08/30 v1.4c Standard LaTeX Graphics (DPC,SPQR)
(c:/Users/sampo/AppData/Roaming/TinyTeX/texmf-dist/tex/latex/graphics/trig.sty
Package: trig 2016/01/03 v1.10 sin cos tan (DPC)
)
(c:/Users/sampo/AppData/Roaming/TinyTeX/texmf-dist/tex/latex/graphics-cfg/graph
ics.cfg
File: graphics.cfg 2016/06/04 v1.11 sample graphics configuration
)
Package graphics Info: Driver file: xetex.def on input line 105.

(c:/Users/sampo/AppData/Roaming/TinyTeX/texmf-dist/tex/latex/graphics-def/xetex
.def
File: xetex.def 2021/03/18 v5.0k Graphics/color driver for xetex
))
\Gin@req@height=\dimen145
\Gin@req@width=\dimen146
)
\xl@everylogo=\toks17
\xl@@everylogo=\toks18
LaTeX Info: Redefining \TeX on input line 193.
LaTeX Info: Redefining \LaTeX on input line 202.
LaTeX Info: Redefining \LaTeXe on input line 219.
)
\l__xetex_show_hyphens_wrapping_box=\box48
\l__xetex_show_hyphens_temp_box=\box49
\l__xetex_show_hyphens_final_box=\box50
\g__xetex_show_hyphens_word_box=\box51
)
(c:/Users/sampo/AppData/Roaming/TinyTeX/texmf-dist/tex/latex/titlesec/titlesec.
sty
Package: titlesec 2019/10/16 v2.13 Sectioning titles
\ttl@box=\box52
\beforetitleunit=\skip52
\aftertitleunit=\skip53
\ttl@plus=\dimen147
\ttl@minus=\dimen148
\ttl@toksa=\toks19
\titlewidth=\dimen149
\titlewidthlast=\dimen150
\titlewidthfirst=\dimen151
)
(c:/Users/sampo/AppData/Roaming/TinyTeX/texmf-dist/tex/latex/titlesec/titletoc.
sty
Package: titletoc 2019/10/16 v2.13 TOC entries
\ttl@leftsep=\dimen152
)
(c:/Users/sampo/AppData/Roaming/TinyTeX/texmf-dist/tex/latex/hyperref/hyperref.
sty
Package: hyperref 2021-02-27 v7.00k Hypertext links for LaTeX

(c:/Users/sampo/AppData/Roaming/TinyTeX/texmf-dist/tex/generic/kvsetkeys/kvsetk
eys.sty
Package: kvsetkeys 2019/12/15 v1.18 Key value parser (HO)
)
(c:/Users/sampo/AppData/Roaming/TinyTeX/texmf-dist/tex/generic/kvdefinekeys/kvd
efinekeys.sty
Package: kvdefinekeys 2019-12-19 v1.6 Define keys (HO)
)
(c:/Users/sampo/AppData/Roaming/TinyTeX/texmf-dist/tex/generic/pdfescape/pdfesc
ape.sty
Package: pdfescape 2019/12/09 v1.15 Implements pdfTeX's escape features (HO)
)
(c:/Users/sampo/AppData/Roaming/TinyTeX/texmf-dist/tex/latex/hycolor/hycolor.st
y
Package: hycolor 2020-01-27 v1.10 Color options for hyperref/bookmark (HO)
)
(c:/Users/sampo/AppData/Roaming/TinyTeX/texmf-dist/tex/latex/letltxmacro/letltx
macro.sty
Package: letltxmacro 2019/12/03 v1.6 Let assignment for LaTeX macros (HO)
)
(c:/Users/sampo/AppData/Roaming/TinyTeX/texmf-dist/tex/latex/auxhook/auxhook.st
y
Package: auxhook 2019-12-17 v1.6 Hooks for auxiliary files (HO)
)
(c:/Users/sampo/AppData/Roaming/TinyTeX/texmf-dist/tex/latex/kvoptions/kvoption
s.sty
Package: kvoptions 2020-10-07 v3.14 Key value format for package options (HO)
)
\@linkdim=\dimen153
\Hy@linkcounter=\count276
\Hy@pagecounter=\count277

(c:/Users/sampo/AppData/Roaming/TinyTeX/texmf-dist/tex/latex/hyperref/pd1enc.de
f
File: pd1enc.def 2021-02-27 v7.00k Hyperref: PDFDocEncoding definition (HO)
)
(c:/Users/sampo/AppData/Roaming/TinyTeX/texmf-dist/tex/latex/hyperref/hyperref-
langpatches.def
File: hyperref-langpatches.def 2021-02-27 v7.00k Hyperref: patches for babel la
nguages
)
(c:/Users/sampo/AppData/Roaming/TinyTeX/texmf-dist/tex/generic/intcalc/intcalc.
sty
Package: intcalc 2019/12/15 v1.3 Expandable calculations with integers (HO)
)
(c:/Users/sampo/AppData/Roaming/TinyTeX/texmf-dist/tex/generic/etexcmds/etexcmd
s.sty
Package: etexcmds 2019/12/15 v1.7 Avoid name clashes with e-TeX commands (HO)
)
\Hy@SavedSpaceFactor=\count278

(c:/Users/sampo/AppData/Roaming/TinyTeX/texmf-dist/tex/latex/hyperref/puenc.def
File: puenc.def 2021-02-27 v7.00k Hyperref: PDF Unicode definition (HO)
)
Package hyperref Info: Option `unicode' set `true' on input line 4073.
Package hyperref Info: Option `hyperfootnotes' set `false' on input line 4073.
Package hyperref Info: Hyper figures OFF on input line 4192.
Package hyperref Info: Link nesting OFF on input line 4197.
Package hyperref Info: Hyper index ON on input line 4200.
Package hyperref Info: Plain pages OFF on input line 4207.
Package hyperref Info: Backreferencing OFF on input line 4212.
Package hyperref Info: Implicit mode ON; LaTeX internals redefined.
Package hyperref Info: Bookmarks ON on input line 4445.
\c@Hy@tempcnt=\count279
(c:/Users/sampo/AppData/Roaming/TinyTeX/texmf-dist/tex/latex/url/url.sty
\Urlmuskip=\muskip16
Package: url 2013/09/16  ver 3.4  Verb mode for urls, etc.
)
LaTeX Info: Redefining \url on input line 4804.
\XeTeXLinkMargin=\dimen154

(c:/Users/sampo/AppData/Roaming/TinyTeX/texmf-dist/tex/generic/bitset/bitset.st
y
Package: bitset 2019/12/09 v1.3 Handle bit-vector datatype (HO)

(c:/Users/sampo/AppData/Roaming/TinyTeX/texmf-dist/tex/generic/bigintcalc/bigin
tcalc.sty
Package: bigintcalc 2019/12/15 v1.5 Expandable calculations on big integers (HO
)
))
\Fld@menulength=\count280
\Field@Width=\dimen155
\Fld@charsize=\dimen156
Package hyperref Info: Hyper figures OFF on input line 6075.
Package hyperref Info: Link nesting OFF on input line 6080.
Package hyperref Info: Hyper index ON on input line 6083.
Package hyperref Info: backreferencing OFF on input line 6090.
Package hyperref Info: Link coloring OFF on input line 6095.
Package hyperref Info: Link coloring with OCG OFF on input line 6100.
Package hyperref Info: PDF/A mode OFF on input line 6105.
LaTeX Info: Redefining \ref on input line 6145.
LaTeX Info: Redefining \pageref on input line 6149.

(c:/Users/sampo/AppData/Roaming/TinyTeX/texmf-dist/tex/latex/base/atbegshi-ltx.
sty
Package: atbegshi-ltx 2020/08/17 v1.0a Emulation of the original atbegshi packa
ge
with kernel methods
)
\Hy@abspage=\count281
\c@Item=\count282
)
Package hyperref Info: Driver: hxetex.

(c:/Users/sampo/AppData/Roaming/TinyTeX/texmf-dist/tex/latex/hyperref/hxetex.de
f
File: hxetex.def 2021-02-27 v7.00k Hyperref driver for XeTeX

(c:/Users/sampo/AppData/Roaming/TinyTeX/texmf-dist/tex/generic/stringenc/string
enc.sty
Package: stringenc 2019/11/29 v1.12 Convert strings between diff. encodings (HO
)
)
\pdfm@box=\box53
\c@Hy@AnnotLevel=\count283
\HyField@AnnotCount=\count284
\Fld@listcount=\count285
\c@bookmark@seq@number=\count286

(c:/Users/sampo/AppData/Roaming/TinyTeX/texmf-dist/tex/latex/rerunfilecheck/rer
unfilecheck.sty
Package: rerunfilecheck 2019/12/05 v1.9 Rerun checks for auxiliary files (HO)

(c:/Users/sampo/AppData/Roaming/TinyTeX/texmf-dist/tex/latex/base/atveryend-ltx
.sty
Package: atveryend-ltx 2020/08/19 v1.0a Emulation of the original atvery packag
e
with kernel methods
)
(c:/Users/sampo/AppData/Roaming/TinyTeX/texmf-dist/tex/generic/uniquecounter/un
iquecounter.sty
Package: uniquecounter 2019/12/15 v1.4 Provide unlimited unique counter (HO)
)
Package uniquecounter Info: New unique counter `rerunfilecheck' on input line 2
86.
)
\Hy@SectionHShift=\skip54
)
(c:/Users/sampo/AppData/Roaming/TinyTeX/texmf-dist/tex/latex/ragged2e/ragged2e.
sty
Package: ragged2e 2021/02/05 v3.0 ragged2e Package

(c:/Users/sampo/AppData/Roaming/TinyTeX/texmf-dist/tex/latex/everysel/everysel.
sty
Package: everysel 2021/01/20 v2.1 EverySelectfont Package (MS)

(c:/Users/sampo/AppData/Roaming/TinyTeX/texmf-dist/tex/latex/everysel/everysel-
2011-10-28.sty))
\CenteringLeftskip=\skip55
\RaggedLeftLeftskip=\skip56
\RaggedRightLeftskip=\skip57
\CenteringRightskip=\skip58
\RaggedLeftRightskip=\skip59
\RaggedRightRightskip=\skip60
\CenteringParfillskip=\skip61
\RaggedLeftParfillskip=\skip62
\RaggedRightParfillskip=\skip63
\JustifyingParfillskip=\skip64
\CenteringParindent=\skip65
\RaggedLeftParindent=\skip66
\RaggedRightParindent=\skip67
\JustifyingParindent=\skip68
)
(c:/Users/sampo/AppData/Roaming/TinyTeX/texmf-dist/tex/latex/geometry/geometry.
sty
Package: geometry 2020/01/02 v5.9 Page Geometry

(c:/Users/sampo/AppData/Roaming/TinyTeX/texmf-dist/tex/generic/iftex/ifvtex.sty
Package: ifvtex 2019/10/25 v1.7 ifvtex legacy package. Use iftex instead.
)
\Gm@cnth=\count287
\Gm@cntv=\count288
\c@Gm@tempcnt=\count289
\Gm@bindingoffset=\dimen157
\Gm@wd@mp=\dimen158
\Gm@odd@mp=\dimen159
\Gm@even@mp=\dimen160
\Gm@layoutwidth=\dimen161
\Gm@layoutheight=\dimen162
\Gm@layouthoffset=\dimen163
\Gm@layoutvoffset=\dimen164
\Gm@dimlist=\toks20
)
(c:/Users/sampo/AppData/Roaming/TinyTeX/texmf-dist/tex/latex/changepage/changep
age.sty
Package: changepage 2009/10/20 v1.0c check page and change page layout
\c@cp@cntr=\count290
\cp@tempcnt=\count291
)
\@tufte@overhang=\skip69
\@tufte@fullwidth=\skip70
\@tufte@caption@fill=\skip71

(c:/Users/sampo/AppData/Roaming/TinyTeX/texmf-dist/tex/latex/paralist/paralist.
sty
Package: paralist 2017/01/22 v2.7 Extended list environments
\pltopsep=\skip72
\plpartopsep=\skip73
\plitemsep=\skip74
\plparsep=\skip75
\pl@lab=\toks21
)
(c:/Users/sampo/AppData/Roaming/TinyTeX/texmf-dist/tex/latex/textcase/textcase.
sty
Package: textcase 2019/09/14 v1.00 Text only upper/lower case changing (DPC)
)

Class tufte-handout Warning: Couldn't locate `soul' package


(c:/Users/sampo/AppData/Roaming/TinyTeX/texmf-dist/tex/latex/setspace/setspace.
sty
Package: setspace 2011/12/19 v6.7a set line spacing
) (c:/Users/sampo/AppData/Roaming/TinyTeX/texmf-dist/tex/latex/xcolor/xcolor.st
y
Package: xcolor 2016/05/11 v2.12 LaTeX color extensions (UK)

(c:/Users/sampo/AppData/Roaming/TinyTeX/texmf-dist/tex/latex/graphics-cfg/color
.cfg
File: color.cfg 2016/01/02 v1.6 sample color configuration
)
Package xcolor Info: Package option `usenames' ignored on input line 216.
Package xcolor Info: Driver file: xetex.def on input line 225.
Package xcolor Info: Model `cmy' substituted by `cmy0' on input line 1348.
Package xcolor Info: Model `RGB' extended on input line 1364.
Package xcolor Info: Model `HTML' substituted by `rgb' on input line 1366.
Package xcolor Info: Model `Hsb' substituted by `hsb' on input line 1367.
Package xcolor Info: Model `tHsb' substituted by `hsb' on input line 1368.
Package xcolor Info: Model `HSB' substituted by `hsb' on input line 1369.
Package xcolor Info: Model `Gray' substituted by `gray' on input line 1370.
Package xcolor Info: Model `wave' substituted by `hsb' on input line 1371.

(c:/Users/sampo/AppData/Roaming/TinyTeX/texmf-dist/tex/latex/graphics/dvipsnam.
def
File: dvipsnam.def 2016/06/17 v3.0m Driver-dependent file (DPC,SPQR)
) (c:/Users/sampo/AppData/Roaming/TinyTeX/texmf-dist/tex/latex/xcolor/svgnam.de
f
File: svgnam.def 2016/05/11 v2.12 Predefined colors according to SVG 1.1 (UK)
)) (c:/Users/sampo/AppData/Roaming/TinyTeX/texmf-dist/tex/latex/natbib/natbib.s
ty
Package: natbib 2010/09/13 8.31b (PWD, AO)
\bibhang=\skip76
\bibsep=\skip77
LaTeX Info: Redefining \cite on input line 694.
\c@NAT@ctr=\count292
)
(c:/Users/sampo/AppData/Roaming/TinyTeX/texmf-dist/tex/latex/natbib/bibentry.st
y
Package: bibentry 2007/10/30 1.5 (PWD)
) (./AdditivityOfVariance.bbl)
\c@@tufte@num@bibkeys=\count293

(c:/Users/sampo/AppData/Roaming/TinyTeX/texmf-dist/tex/latex/sauerj/optparams.s
ty
Package: optparams 2004/08/14 v0.9 multiple optional parameters in macros
)
\@tufte@sidenote@vertical@offset=\skip78

(c:/Users/sampo/AppData/Roaming/TinyTeX/texmf-dist/tex/latex/placeins/placeins.
sty
Package: placeins 2005/04/18  v 2.2
)
\@tufte@margin@floatbox=\box54
\@tufte@figure@box=\box55
\@tufte@caption@box=\box56
\@tufte@caption@vertical@offset=\skip79
\@tufte@float@contents@width=\skip80

(c:/Users/sampo/AppData/Roaming/TinyTeX/texmf-dist/tex/latex/fancyhdr/fancyhdr.
sty
Package: fancyhdr 2021/01/28 v4.0.1 Extensive control of page headers and foote
rs
\f@nch@headwidth=\skip81
\f@nch@O@elh=\skip82
\f@nch@O@erh=\skip83
\f@nch@O@olh=\skip84
\f@nch@O@orh=\skip85
\f@nch@O@elf=\skip86
\f@nch@O@erf=\skip87
\f@nch@O@olf=\skip88
\f@nch@O@orf=\skip89
)
\tufteskipamount=\skip90

(c:/Users/sampo/AppData/Roaming/TinyTeX/texmf-dist/tex/latex/tools/multicol.sty
Package: multicol 2019/12/09 v1.8y multicolumn formatting (FMi)
\c@tracingmulticols=\count294
\mult@box=\box57
\multicol@leftmargin=\dimen165
\c@unbalance=\count295
\c@collectmore=\count296
\doublecol@number=\count297
\multicoltolerance=\count298
\multicolpretolerance=\count299
\full@width=\dimen166
\page@free=\dimen167
\premulticols=\dimen168
\postmulticols=\dimen169
\multicolsep=\skip91
\multicolbaselineskip=\skip92
\partial@page=\box58
\last@line=\box59
\maxbalancingoverflow=\dimen170
\mult@rightbox=\box60
\mult@grightbox=\box61
\mult@gfirstbox=\box62
\mult@firstbox=\box63
\@tempa=\box64
\@tempa=\box65
\@tempa=\box66
\@tempa=\box67
\@tempa=\box68
\@tempa=\box69
\@tempa=\box70
\@tempa=\box71
\@tempa=\box72
\@tempa=\box73
\@tempa=\box74
\@tempa=\box75
\@tempa=\box76
\@tempa=\box77
\@tempa=\box78
\@tempa=\box79
\@tempa=\box80
\@tempa=\box81
\@tempa=\box82
\@tempa=\box83
\@tempa=\box84
\@tempa=\box85
\@tempa=\box86
\@tempa=\box87
\@tempa=\box88
\@tempa=\box89
\@tempa=\box90
\@tempa=\box91
\@tempa=\box92
\@tempa=\box93
\@tempa=\box94
\@tempa=\box95
\@tempa=\box96
\@tempa=\box97
\@tempa=\box98
\@tempa=\box99
\@tempa=\box100
\c@minrows=\count300
\c@columnbadness=\count301
\c@finalcolumnbadness=\count302
\last@try=\dimen171
\multicolovershoot=\dimen172
\multicolundershoot=\dimen173
\mult@nat@firstbox=\box101
\colbreak@box=\box102
\mc@col@check@num=\count303
)))
(c:/Users/sampo/AppData/Roaming/TinyTeX/texmf-dist/tex/latex/amsfonts/amssymb.s
ty
Package: amssymb 2013/01/14 v3.01 AMS font symbols

(c:/Users/sampo/AppData/Roaming/TinyTeX/texmf-dist/tex/latex/amsfonts/amsfonts.
sty
Package: amsfonts 2013/01/14 v3.01 Basic AMSFonts support
\@emptytoks=\toks22
\symAMSa=\mathgroup4
\symAMSb=\mathgroup5
LaTeX Font Info:    Redeclaring math symbol \hbar on input line 98.
LaTeX Font Info:    Overwriting math alphabet `\mathfrak' in version `bold'
(Font)                  U/euf/m/n --> U/euf/b/n on input line 106.
))
(c:/Users/sampo/AppData/Roaming/TinyTeX/texmf-dist/tex/latex/amsmath/amsmath.st
y
Package: amsmath 2020/09/23 v2.17i AMS math features
\@mathmargin=\skip93
For additional information on amsmath, use the `?' option.

(c:/Users/sampo/AppData/Roaming/TinyTeX/texmf-dist/tex/latex/amsmath/amstext.st
y
Package: amstext 2000/06/29 v2.01 AMS text

(c:/Users/sampo/AppData/Roaming/TinyTeX/texmf-dist/tex/latex/amsmath/amsgen.sty
File: amsgen.sty 1999/11/30 v2.0 generic functions
\@emptytoks=\toks23
\ex@=\dimen174
))
(c:/Users/sampo/AppData/Roaming/TinyTeX/texmf-dist/tex/latex/amsmath/amsbsy.sty
Package: amsbsy 1999/11/29 v1.2d Bold Symbols
\pmbraise@=\dimen175
)
(c:/Users/sampo/AppData/Roaming/TinyTeX/texmf-dist/tex/latex/amsmath/amsopn.sty
Package: amsopn 2016/03/08 v2.02 operator names
)
\inf@bad=\count304
LaTeX Info: Redefining \frac on input line 234.
\uproot@=\count305
\leftroot@=\count306
LaTeX Info: Redefining \overline on input line 399.
\classnum@=\count307
\DOTSCASE@=\count308
LaTeX Info: Redefining \ldots on input line 496.
LaTeX Info: Redefining \dots on input line 499.
LaTeX Info: Redefining \cdots on input line 620.
\Mathstrutbox@=\box103
\strutbox@=\box104
\big@size=\dimen176
LaTeX Font Info:    Redeclaring font encoding OML on input line 743.
LaTeX Font Info:    Redeclaring font encoding OMS on input line 744.
\macc@depth=\count309
\c@MaxMatrixCols=\count310
\dotsspace@=\muskip17
\c@parentequation=\count311
\dspbrk@lvl=\count312
\tag@help=\toks24
\row@=\count313
\column@=\count314
\maxfields@=\count315
\andhelp@=\toks25
\eqnshift@=\dimen177
\alignsep@=\dimen178
\tagshift@=\dimen179
\tagwidth@=\dimen180
\totwidth@=\dimen181
\lineht@=\dimen182
\@envbody=\toks26
\multlinegap=\skip94
\multlinetaggap=\skip95
\mathdisplay@stack=\toks27
LaTeX Info: Redefining \[ on input line 2923.
LaTeX Info: Redefining \] on input line 2924.
) (c:/Users/sampo/AppData/Roaming/TinyTeX/texmf-dist/tex/latex/base/fixltx2e.st
y
Package: fixltx2e 2016/12/29 v2.1a fixes to LaTeX (obsolete)
Applying: [2015/01/01] Old fixltx2e package on input line 46.

Package fixltx2e Warning: fixltx2e is not required with releases after 2015
(fixltx2e)                All fixes are now in the LaTeX kernel.
(fixltx2e)                See the latexrelease package for details.

Already applied: [0000/00/00] Old fixltx2e package on input line 53.
)
(c:/Users/sampo/AppData/Roaming/TinyTeX/texmf-dist/tex/latex/booktabs/booktabs.
sty
Package: booktabs 2020/01/12 v1.61803398 Publication quality tables
\heavyrulewidth=\dimen183
\lightrulewidth=\dimen184
\cmidrulewidth=\dimen185
\belowrulesep=\dimen186
\belowbottomsep=\dimen187
\aboverulesep=\dimen188
\abovetopsep=\dimen189
\cmidrulesep=\dimen190
\cmidrulekern=\dimen191
\defaultaddspace=\dimen192
\@cmidla=\count316
\@cmidlb=\count317
\@aboverulesep=\dimen193
\@belowrulesep=\dimen194
\@thisruleclass=\count318
\@lastruleclass=\count319
\@thisrulewidth=\dimen195
) (c:/Users/sampo/AppData/Roaming/TinyTeX/texmf-dist/tex/latex/units/units.sty
Package: units 1998/08/04 v0.9b Typesetting units

(c:/Users/sampo/AppData/Roaming/TinyTeX/texmf-dist/tex/latex/units/nicefrac.sty
Package: nicefrac 1998/08/04 v0.9b Nice fractions
\L@UnitsRaiseDisplaystyle=\skip96
\L@UnitsRaiseTextstyle=\skip97
\L@UnitsRaiseScriptstyle=\skip98
))
(c:/Users/sampo/AppData/Roaming/TinyTeX/texmf-dist/tex/latex/fancyvrb/fancyvrb.
sty
Package: fancyvrb 2021/01/20 v3.7 verbatim text (tvz,hv)
\FV@CodeLineNo=\count320
\FV@InFile=\read2
\FV@TabBox=\box105
\c@FancyVerbLine=\count321
\FV@StepNumber=\count322
\FV@OutFile=\write3
)
(c:/Users/sampo/AppData/Roaming/TinyTeX/texmf-dist/tex/latex/tools/longtable.st
y
Package: longtable 2020/01/07 v4.13 Multi-page Table package (DPC)
\LTleft=\skip99
\LTright=\skip100
\LTpre=\skip101
\LTpost=\skip102
\LTchunksize=\count323
\LTcapwidth=\dimen196
\LT@head=\box106
\LT@firsthead=\box107
\LT@foot=\box108
\LT@lastfoot=\box109
\LT@cols=\count324
\LT@rows=\count325
\c@LT@tables=\count326
\c@LT@chunks=\count327
\LT@p@ftn=\toks28
) (c:/Users/sampo/AppData/Roaming/TinyTeX/texmf-dist/tex/generic/ulem/ulem.sty
\UL@box=\box110
\UL@hyphenbox=\box111
\UL@skip=\skip103
\UL@hook=\toks29
\UL@height=\dimen197
\UL@pe=\count328
\UL@pixel=\dimen198
\ULC@box=\box112
Package: ulem 2019/11/18
\ULdepth=\dimen199
)
(c:/Users/sampo/AppData/Roaming/TinyTeX/texmf-dist/tex/latex/morefloats/moreflo
ats.sty
Package: morefloats 2015/07/22 v1.0h Raise limit of unprocessed floats (HMM)
Package morefloats Info: Maximum number of possible floats asked for: 36
(morefloats)             (i.e. 18 more floats).
(morefloats)             LaTeX might run out of memory before this
(morefloats)             (in which case it will notify you).
) (c:/Users/sampo/AppData/Roaming/TinyTeX/texmf-dist/tex/latex/tools/array.sty
Package: array 2020/10/01 v2.5c Tabular extension package (FMi)
\col@sep=\dimen256
\ar@mcellbox=\box113
\extrarowheight=\dimen257
\NC@list=\toks30
\extratabsurround=\skip104
\backup@length=\skip105
\ar@cellbox=\box114
)
(c:/Users/sampo/AppData/Roaming/TinyTeX/texmf-dist/tex/latex/multirow/multirow.
sty
Package: multirow 2021/03/15 v2.8 Span multiple rows of a table
\multirow@colwidth=\skip106
\multirow@cntb=\count329
\multirow@dima=\skip107
\bigstrutjot=\dimen258
)
(c:/Users/sampo/AppData/Roaming/TinyTeX/texmf-dist/tex/latex/wrapfig/wrapfig.st
y
\wrapoverhang=\dimen259
\WF@size=\dimen260
\c@WF@wrappedlines=\count330
\WF@box=\box115
\WF@everypar=\toks31
Package: wrapfig 2003/01/31  v 3.6
) (c:/Users/sampo/AppData/Roaming/TinyTeX/texmf-dist/tex/latex/float/float.sty
Package: float 2001/11/08 v1.3d Float enhancements (AL)
\c@float@type=\count331
\float@exts=\toks32
\float@box=\box116
\@float@everytoks=\toks33
\@floatcapt=\box117
)
(c:/Users/sampo/AppData/Roaming/TinyTeX/texmf-dist/tex/latex/colortbl/colortbl.
sty
Package: colortbl 2020/01/04 v1.0e Color table columns (DPC)
\everycr=\toks34
\minrowclearance=\skip108
)
(c:/Users/sampo/AppData/Roaming/TinyTeX/texmf-dist/tex/latex/pdflscape/pdflscap
e.sty
Package: pdflscape 2019/12/05 v0.12 Display of landscape pages in PDF (HO)

(c:/Users/sampo/AppData/Roaming/TinyTeX/texmf-dist/tex/latex/graphics/lscape.st
y
Package: lscape 2020/05/28 v3.02 Landscape Pages (DPC)
)
Package pdflscape Info: Auto-detected driver: dvipdfm (xetex) on input line 98.

) (c:/Users/sampo/AppData/Roaming/TinyTeX/texmf-dist/tex/latex/tabu/tabu.sty
Package: tabu 2019/01/11 v2.9 - flexible LaTeX tabulars (FC+tabu-fixed)

(c:/Users/sampo/AppData/Roaming/TinyTeX/texmf-dist/tex/latex/varwidth/varwidth.
sty
Package: varwidth 2009/03/30 ver 0.92;  Variable-width minipages
\@vwid@box=\box118
\sift@deathcycles=\count332
\@vwid@loff=\dimen261
\@vwid@roff=\dimen262
)
\c@taburow=\count333
\tabu@nbcols=\count334
\tabu@cnt=\count335
\tabu@Xcol=\count336
\tabu@alloc=\count337
\tabu@nested=\count338
\tabu@target=\dimen263
\tabu@spreadtarget=\dimen264
\tabu@naturalX=\dimen265
\tabucolX=\dimen266
\tabu@Xsum=\dimen267
\extrarowdepth=\dimen268
\abovetabulinesep=\dimen269
\belowtabulinesep=\dimen270
\tabustrutrule=\dimen271
\tabu@thebody=\toks35
\tabu@footnotes=\toks36
\tabu@box=\box119
\tabu@arstrutbox=\box120
\tabu@hleads=\box121
\tabu@vleads=\box122
\tabu@cellskip=\skip109
)
(c:/Users/sampo/AppData/Roaming/TinyTeX/texmf-dist/tex/latex/threeparttable/thr
eeparttable.sty
Package: threeparttable 2003/06/13  v 3.0
\@tempboxb=\box123
)
(c:/Users/sampo/AppData/Roaming/TinyTeX/texmf-dist/tex/latex/threeparttablex/th
reeparttablex.sty
Package: threeparttablex 2013/07/23 v0.3 by daleif

(c:/Users/sampo/AppData/Roaming/TinyTeX/texmf-dist/tex/latex/environ/environ.st
y
Package: environ 2014/05/04 v0.3 A new way to define environments

(c:/Users/sampo/AppData/Roaming/TinyTeX/texmf-dist/tex/latex/trimspaces/trimspa
ces.sty
Package: trimspaces 2009/09/17 v1.1 Trim spaces around a token list
))
\TPTL@width=\skip110
) (c:/Users/sampo/AppData/Roaming/TinyTeX/texmf-dist/tex/latex/base/inputenc.st
y
Package: inputenc 2020/08/01 v1.3d Input encoding file
\inpenc@prehook=\toks37
\inpenc@posthook=\toks38
)
(c:/Users/sampo/AppData/Roaming/TinyTeX/texmf-dist/tex/latex/makecell/makecell.
sty
Package: makecell 2009/08/03 V0.1e Managing of Tab Column Heads and Cells
\rotheadsize=\dimen272
\c@nlinenum=\count339
\TeXr@lab=\toks39
)
(c:/Users/sampo/AppData/Roaming/TinyTeX/texmf-dist/tex/latex/fontawesome5/fonta
wesome5.sty
Package: fontawesome5 2020/03/24 v5.13.0 Font Awesome 5

(c:/Users/sampo/AppData/Roaming/TinyTeX/texmf-dist/tex/latex/l3packages/l3keys2
e/l3keys2e.sty
Package: l3keys2e 2021-05-27 LaTeX2e option processing using LaTeX3 keys
)
(c:/Users/sampo/AppData/Roaming/TinyTeX/texmf-dist/tex/latex/fontawesome5/fonta
wesome5-utex-helper.sty
Package: fontawesome5-utex-helper 2020/03/24 v5.13.0 uTeX helper for fontawesom
e5
LaTeX Font Info:    Trying to load font information for TU+fontawesomefree on i
nput line 69.

(c:/Users/sampo/AppData/Roaming/TinyTeX/texmf-dist/tex/latex/fontawesome5/tufon
tawesomefree.fd)
LaTeX Font Info:    Trying to load font information for TU+fontawesomebrands on
 input line 70.

(c:/Users/sampo/AppData/Roaming/TinyTeX/texmf-dist/tex/latex/fontawesome5/tufon
tawesomebrands.fd))) (c:/Users/sampo/AppData/Roaming/TinyTeX/texmf-dist/tex/lat
ex/subfig/subfig.sty
Package: subfig 2005/06/28 ver: 1.3 subfig package

(c:/Users/sampo/AppData/Roaming/TinyTeX/texmf-dist/tex/latex/caption/caption3.s
ty
Package: caption3 2020/10/21 v2.2e caption3 kernel (AR)
\captionmargin=\dimen273
\captionmargin@=\dimen274
\captionwidth=\dimen275
\caption@tempdima=\dimen276
\caption@indent=\dimen277
\caption@parindent=\dimen278
\caption@hangindent=\dimen279
Package caption Info: Standard document class detected.
)
\c@KVtest=\count340
\sf@farskip=\skip111
\sf@captopadj=\dimen280
\sf@capskip=\skip112
\sf@nearskip=\skip113
\c@subfigure=\count341
\c@subfigure@save=\count342
\c@lofdepth=\count343
\c@subtable=\count344
\c@subtable@save=\count345
\c@lotdepth=\count346
\sf@top=\skip114
\sf@bottom=\skip115
) (c:/Users/sampo/AppData/Roaming/TinyTeX/texmf-dist/tex/xelatex/xecjk/xeCJK.st
y
Package: xeCJK 2020/10/19 v3.8.6 Typesetting CJK scripts with XeLaTeX

(c:/Users/sampo/AppData/Roaming/TinyTeX/texmf-dist/tex/latex/l3packages/xtempla
te/xtemplate.sty
Package: xtemplate 2021-05-27 L3 Experimental prototype document functions
\l__xtemplate_tmp_dim=\dimen281
\l__xtemplate_tmp_int=\count347
\l__xtemplate_tmp_muskip=\muskip18
\l__xtemplate_tmp_skip=\skip116
)
\l__xeCJK_tmp_int=\count348
\l__xeCJK_tmp_box=\box124
\l__xeCJK_tmp_dim=\dimen282
\l__xeCJK_tmp_skip=\skip117
(c:/Users/sampo/AppData/Roaming/TinyTeX/texmf-dist/tex/latex/ctex/ctexhook.sty
Package: ctexhook 2021/03/14 v2.5.6 Document and package hooks (CTEX)
)
\g__xeCJK_space_factor_int=\count349
\l__xeCJK_begin_int=\count350
\l__xeCJK_end_int=\count351
\c__xeCJK_CJK_class_int=\XeTeXcharclass1
\c__xeCJK_FullLeft_class_int=\XeTeXcharclass2
\c__xeCJK_FullRight_class_int=\XeTeXcharclass3
\c__xeCJK_HalfLeft_class_int=\XeTeXcharclass4
\c__xeCJK_HalfRight_class_int=\XeTeXcharclass5
\c__xeCJK_NormalSpace_class_int=\XeTeXcharclass6
\c__xeCJK_CM_class_int=\XeTeXcharclass7
\c__xeCJK_HangulJamo_class_int=\XeTeXcharclass8
\l__xeCJK_last_skip=\skip118
\g__xeCJK_node_int=\count352
\c__xeCJK_CJK_node_dim=\dimen283
\c__xeCJK_CJK-space_node_dim=\dimen284
\c__xeCJK_default_node_dim=\dimen285
\c__xeCJK_default-space_node_dim=\dimen286
\c__xeCJK_CJK-widow_node_dim=\dimen287
\c__xeCJK_normalspace_node_dim=\dimen288
\l__xeCJK_ccglue_skip=\skip119
\l__xeCJK_ecglue_skip=\skip120
\l__xeCJK_punct_kern_skip=\skip121
\l__xeCJK_last_penalty_int=\count353
\l__xeCJK_last_bound_dim=\dimen289
\l__xeCJK_last_kern_dim=\dimen290
\l__xeCJK_widow_penalty_int=\count354

Package xtemplate Info: Declaring object type 'xeCJK/punctuation' taking 0
(xtemplate)             argument(s) on line 2341.

\l__xeCJK_fixed_punct_width_dim=\dimen291
\l__xeCJK_mixed_punct_width_dim=\dimen292
\l__xeCJK_middle_punct_width_dim=\dimen293
\l__xeCJK_fixed_margin_width_dim=\dimen294
\l__xeCJK_mixed_margin_width_dim=\dimen295
\l__xeCJK_middle_margin_width_dim=\dimen296
\l__xeCJK_bound_punct_width_dim=\dimen297
\l__xeCJK_bound_margin_width_dim=\dimen298
\l__xeCJK_margin_minimum_dim=\dimen299
\l__xeCJK_kerning_total_width_dim=\dimen300
\l__xeCJK_same_align_margin_dim=\dimen301
\l__xeCJK_different_align_margin_dim=\dimen302
\l__xeCJK_kerning_margin_width_dim=\dimen303
\l__xeCJK_kerning_margin_minimum_dim=\dimen304
\l__xeCJK_bound_dim=\dimen305
\l__xeCJK_reverse_bound_dim=\dimen306
\l__xeCJK_margin_dim=\dimen307
\l__xeCJK_minimum_bound_dim=\dimen308
\l__xeCJK_kerning_margin_dim=\dimen309
\g__xeCJK_family_int=\count355
\l__xeCJK_fam_int=\count356
\g__xeCJK_fam_allocation_int=\count357
\l__xeCJK_verb_case_int=\count358
\l__xeCJK_verb_exspace_skip=\skip122
(c:/Users/sampo/AppData/Roaming/TinyTeX/texmf-dist/tex/xelatex/xecjk/xeCJK.cfg
File: xeCJK.cfg 2020/10/19 v3.8.6 Configuration file for xeCJK package
))
(c:/Users/sampo/AppData/Roaming/TinyTeX/texmf-dist/tex/latex/zxjafont/zxjafont.
sty
Package: zxjafont 2020/02/24 v1.2

(c:/Users/sampo/AppData/Roaming/TinyTeX/texmf-dist/tex/latex/etoolbox/etoolbox.
sty
Package: etoolbox 2020/10/05 v2.5k e-TeX tools for LaTeX (JAW)
\etb@tempcnta=\count359
)

Package fontspec Info: HaranoAjiMincho-Regular scale = 0.8385185361103854.


Package fontspec Info: HaranoAjiMincho-Bold scale = 0.8385185361103854.


Package fontspec Info: HaranoAjiMincho-Light scale = 0.8385185361103854.


Package fontspec Info: HaranoAjiMincho-Regular scale = 0.8385185361103854.


Package fontspec Info: HaranoAjiMincho-Bold scale = 0.8385185361103854.


Package fontspec Info: Font family 'HaranoAjiMincho-Regular.otf(0)' created
(fontspec)             for font 'HaranoAjiMincho-Regular.otf' with options
(fontspec)             [Ligatures=TeX,Scale=MatchLowercase,Script={CJK},Scale={
1},RawFeature={-palt;-kern},FontFace={{bx}{n}{HaranoAjiMincho-Bold.otf}},FontFa
ce={{l}{n}{HaranoAjiMincho-Light.otf}},BoldFont={HaranoAjiMincho-Bold.otf}].
(fontspec)              
(fontspec)              This font family consists of the following NFSS
(fontspec)             series/shapes:
(fontspec)              
(fontspec)             - (bx/n) with NFSS spec.:
(fontspec)             <->s*[1]"[HaranoAjiMincho-Bold.otf]/OT:script=hani;langu
age=dflt;-palt;-kern;mapping=tex-text;"
(fontspec)             -  (bx/sc) with NFSS spec.: 
(fontspec)             - (l/n) with NFSS spec.:
(fontspec)             <->s*[1]"[HaranoAjiMincho-Light.otf]/OT:script=hani;lang
uage=dflt;-palt;-kern;mapping=tex-text;"
(fontspec)             -  (l/sc) with NFSS spec.: 
(fontspec)             - 'normal' (m/n) with NFSS spec.:
(fontspec)             <->s*[1]"[HaranoAjiMincho-Regular.otf]/OT:script=hani;la
nguage=dflt;-palt;-kern;mapping=tex-text;"
(fontspec)             - 'small caps'  (m/sc) with NFSS spec.: 
(fontspec)             - 'bold' (b/n) with NFSS spec.:
(fontspec)             <->s*[1]"[HaranoAjiMincho-Bold.otf]/OT:script=hani;langu
age=dflt;-palt;-kern;mapping=tex-text;"
(fontspec)             - 'bold small caps'  (b/sc) with NFSS spec.: 

)
(c:/Users/sampo/AppData/Roaming/TinyTeX/texmf-dist/tex/latex/zxjatype/zxjatype.
sty
Package: zxjatype 2020/01/22 v0.7 ZX Japanese typeset
\l__zxjt_tmpa_dim=\dimen310
\g__zxjt_tmpa_box=\box125
\l__zxjt_leftglue_skip=\skip123
)
(c:/Users/sampo/AppData/Roaming/TinyTeX/texmf-dist/tex/platex/pxrubrica/pxrubri
ca.sty
Package: pxrubrica 2021/03/06 v1.3d PX Japanese-style ruby
\pxrr@cnta=\count360
\pxrr@cntr=\count361
\pxrr@dima=\dimen311
\pxrr@boxa=\box126
\pxrr@boxb=\box127
\pxrr@boxr=\box128
) (./AdditivityOfVariance.aux)
\openout1 = `AdditivityOfVariance.aux'.

LaTeX Font Info:    Checking defaults for OML/cmm/m/it on input line 183.
LaTeX Font Info:    ... okay on input line 183.
LaTeX Font Info:    Checking defaults for OMS/cmsy/m/n on input line 183.
LaTeX Font Info:    ... okay on input line 183.
LaTeX Font Info:    Checking defaults for OT1/cmr/m/n on input line 183.
LaTeX Font Info:    ... okay on input line 183.
LaTeX Font Info:    Checking defaults for T1/cmr/m/n on input line 183.
LaTeX Font Info:    ... okay on input line 183.
LaTeX Font Info:    Checking defaults for TS1/cmr/m/n on input line 183.
LaTeX Font Info:    Trying to load font information for TS1+cmr on input line 1
83.
(c:/Users/sampo/AppData/Roaming/TinyTeX/texmf-dist/tex/latex/base/ts1cmr.fd
File: ts1cmr.fd 2019/12/16 v2.5j Standard LaTeX font definitions
)
LaTeX Font Info:    ... okay on input line 183.
LaTeX Font Info:    Checking defaults for TU/lmr/m/n on input line 183.
LaTeX Font Info:    ... okay on input line 183.
LaTeX Font Info:    Checking defaults for OMX/cmex/m/n on input line 183.
LaTeX Font Info:    ... okay on input line 183.
LaTeX Font Info:    Checking defaults for U/cmr/m/n on input line 183.
LaTeX Font Info:    ... okay on input line 183.
LaTeX Font Info:    Checking defaults for PD1/pdf/m/n on input line 183.
LaTeX Font Info:    ... okay on input line 183.
LaTeX Font Info:    Checking defaults for PU/pdf/m/n on input line 183.
LaTeX Font Info:    ... okay on input line 183.

Package fontspec Info: Adjusting the maths setup (use [no-math] to avoid
(fontspec)             this).

\symlegacymaths=\mathgroup6
LaTeX Font Info:    Overwriting symbol font `legacymaths' in version `bold'
(Font)                  OT1/cmr/m/n --> OT1/cmr/bx/n on input line 183.
LaTeX Font Info:    Redeclaring math accent \acute on input line 183.
LaTeX Font Info:    Redeclaring math accent \grave on input line 183.
LaTeX Font Info:    Redeclaring math accent \ddot on input line 183.
LaTeX Font Info:    Redeclaring math accent \tilde on input line 183.
LaTeX Font Info:    Redeclaring math accent \bar on input line 183.
LaTeX Font Info:    Redeclaring math accent \breve on input line 183.
LaTeX Font Info:    Redeclaring math accent \check on input line 183.
LaTeX Font Info:    Redeclaring math accent \hat on input line 183.
LaTeX Font Info:    Redeclaring math accent \dot on input line 183.
LaTeX Font Info:    Redeclaring math accent \mathring on input line 183.
LaTeX Font Info:    Redeclaring math symbol \Gamma on input line 183.
LaTeX Font Info:    Redeclaring math symbol \Delta on input line 183.
LaTeX Font Info:    Redeclaring math symbol \Theta on input line 183.
LaTeX Font Info:    Redeclaring math symbol \Lambda on input line 183.
LaTeX Font Info:    Redeclaring math symbol \Xi on input line 183.
LaTeX Font Info:    Redeclaring math symbol \Pi on input line 183.
LaTeX Font Info:    Redeclaring math symbol \Sigma on input line 183.
LaTeX Font Info:    Redeclaring math symbol \Upsilon on input line 183.
LaTeX Font Info:    Redeclaring math symbol \Phi on input line 183.
LaTeX Font Info:    Redeclaring math symbol \Psi on input line 183.
LaTeX Font Info:    Redeclaring math symbol \Omega on input line 183.
LaTeX Font Info:    Redeclaring math symbol \mathdollar on input line 183.
LaTeX Font Info:    Redeclaring symbol font `operators' on input line 183.
LaTeX Font Info:    Encoding `OT1' has changed to `TU' for symbol font
(Font)              `operators' in the math version `normal' on input line 183.

LaTeX Font Info:    Overwriting symbol font `operators' in version `normal'
(Font)                  OT1/cmr/m/n --> TU/lmr/m/n on input line 183.
LaTeX Font Info:    Encoding `OT1' has changed to `TU' for symbol font
(Font)              `operators' in the math version `bold' on input line 183.
LaTeX Font Info:    Overwriting symbol font `operators' in version `bold'
(Font)                  OT1/cmr/bx/n --> TU/lmr/m/n on input line 183.
LaTeX Font Info:    Overwriting symbol font `operators' in version `normal'
(Font)                  TU/lmr/m/n --> TU/lmr/m/n on input line 183.
LaTeX Font Info:    Overwriting math alphabet `\mathit' in version `normal'
(Font)                  OT1/cmr/m/it --> TU/lmr/m/it on input line 183.
LaTeX Font Info:    Overwriting math alphabet `\mathbf' in version `normal'
(Font)                  OT1/cmr/bx/n --> TU/lmr/b/n on input line 183.
LaTeX Font Info:    Overwriting math alphabet `\mathsf' in version `normal'
(Font)                  OT1/cmss/m/n --> TU/lmss/m/n on input line 183.
LaTeX Font Info:    Overwriting math alphabet `\mathtt' in version `normal'
(Font)                  OT1/cmtt/m/n --> TU/lmtt/m/n on input line 183.
LaTeX Font Info:    Overwriting symbol font `operators' in version `bold'
(Font)                  TU/lmr/m/n --> TU/lmr/b/n on input line 183.
LaTeX Font Info:    Overwriting math alphabet `\mathit' in version `bold'
(Font)                  OT1/cmr/bx/it --> TU/lmr/b/it on input line 183.
LaTeX Font Info:    Overwriting math alphabet `\mathsf' in version `bold'
(Font)                  OT1/cmss/bx/n --> TU/lmss/b/n on input line 183.
LaTeX Font Info:    Overwriting math alphabet `\mathtt' in version `bold'
(Font)                  OT1/cmtt/m/n --> TU/lmtt/b/n on input line 183.
Package hyperref Info: Link coloring OFF on input line 183.

(c:/Users/sampo/AppData/Roaming/TinyTeX/texmf-dist/tex/latex/hyperref/nameref.s
ty
Package: nameref 2021-04-02 v2.47 Cross-referencing by name of section

(c:/Users/sampo/AppData/Roaming/TinyTeX/texmf-dist/tex/latex/refcount/refcount.
sty
Package: refcount 2019/12/15 v3.6 Data extraction from label references (HO)
)
(c:/Users/sampo/AppData/Roaming/TinyTeX/texmf-dist/tex/generic/gettitlestring/g
ettitlestring.sty
Package: gettitlestring 2019/12/15 v1.6 Cleanup title references (HO)
)
\c@section@level=\count362
)
LaTeX Info: Redefining \ref on input line 183.
LaTeX Info: Redefining \pageref on input line 183.
LaTeX Info: Redefining \nameref on input line 183.
(./AdditivityOfVariance.out) (./AdditivityOfVariance.out)
\@outlinefile=\write4
\openout4 = `AdditivityOfVariance.out'.

ABD: EverySelectfont initializing macros
LaTeX Info: Redefining \selectfont on input line 183.
*geometry* driver: auto-detecting
*geometry* detected driver: xetex
*geometry* verbose mode - [ preamble ] result:
* driver: xetex
* paper: letterpaper
* layout: <same size as paper>
* layoutoffset:(h,v)=(0.0pt,0.0pt)
* modes: twoside asymmetric 
* h-part:(L,W,R)=(72.26999pt, 312.0pt, 230.02501pt)
* v-part:(T,H,B)=(72.26999pt, 616.0pt, 106.7pt)
* \paperwidth=614.295pt
* \paperheight=794.96999pt
* \textwidth=312.0pt
* \textheight=616.0pt
* \oddsidemargin=0.0pt
* \evensidemargin=0.0pt
* \topmargin=-42.0pt
* \headheight=14.0pt
* \headsep=28.0pt
* \topskip=10.0pt
* \footskip=30.0pt
* \marginparwidth=144.0pt
* \marginparsep=24.0pt
* \columnsep=10.0pt
* \skip\footins=9.0pt plus 4.0pt minus 2.0pt
* \hoffset=0.0pt
* \voffset=0.0pt
* \mag=1000
* \@twocolumnfalse
* \@twosidetrue
* \@mparswitchfalse
* \@reversemarginfalse
* (1in=72.27pt=25.4mm, 1cm=28.453pt)

\langwohyphens=\language3
Package caption Info: Begin \AtBeginDocument code.
Package caption Info: subfig package v1.3 is loaded.
Package caption Info: End \AtBeginDocument code.

LaTeX Font Warning: Font shape `TU/HaranoAjiMincho-Regular.otf(0)/m/it' undefin
ed
(Font)              using `TU/HaranoAjiMincho-Regular.otf(0)/m/n' instead on in
put line 185.

LaTeX Font Info:    Font shape `TU/HaranoAjiMincho-Regular.otf(0)/m/n' will be
(Font)              scaled to size 14.4pt on input line 185.
LaTeX Font Info:    Font shape `TU/HaranoAjiMincho-Regular.otf(0)/m/n' will be
(Font)              scaled to size 10.0pt on input line 193.
LaTeX Font Info:    Trying to load font information for U+msa on input line 195
.
(c:/Users/sampo/AppData/Roaming/TinyTeX/texmf-dist/tex/latex/amsfonts/umsa.fd
File: umsa.fd 2013/01/14 v3.01 AMS symbols A
)
LaTeX Font Info:    Trying to load font information for U+msb on input line 195
.
(c:/Users/sampo/AppData/Roaming/TinyTeX/texmf-dist/tex/latex/amsfonts/umsb.fd
File: umsb.fd 2013/01/14 v3.01 AMS symbols B
)

LaTeX Font Warning: Font shape `TU/HaranoAjiMincho-Regular.otf(0)/b/it' undefin
ed
(Font)              using `TU/HaranoAjiMincho-Regular.otf(0)/b/n' instead on in
put line 200.

LaTeX Font Info:    Font shape `TU/HaranoAjiMincho-Regular.otf(0)/b/n' will be
(Font)              scaled to size 12.0pt on input line 200.

Package fontspec Info: HaranoAjiGothic-Regular scale = 0.7937346499485756.


Package fontspec Info: HaranoAjiGothic-Bold scale = 0.7937346499485756.


Package fontspec Info: HaranoAjiGothic-Heavy scale = 0.7937346499485756.


Package fontspec Info: HaranoAjiGothic-Regular scale = 0.7937346499485756.


Package fontspec Info: HaranoAjiGothic-Bold scale = 0.7937346499485756.


Package fontspec Info: Font family 'HaranoAjiGothic-Regular.otf(0)' created
(fontspec)             for font 'HaranoAjiGothic-Regular.otf' with options
(fontspec)             [Ligatures=TeX,Scale=MatchLowercase,Script={CJK},Scale={
1},RawFeature={-palt;-kern},FontFace={{bx}{n}{HaranoAjiGothic-Bold.otf}},FontFa
ce={{eb}{n}{HaranoAjiGothic-Heavy.otf}},BoldFont={HaranoAjiGothic-Bold.otf}].
(fontspec)              
(fontspec)              This font family consists of the following NFSS
(fontspec)             series/shapes:
(fontspec)              
(fontspec)             - (bx/n) with NFSS spec.:
(fontspec)             <->s*[1]"[HaranoAjiGothic-Bold.otf]/OT:script=hani;langu
age=dflt;-palt;-kern;mapping=tex-text;"
(fontspec)             -  (bx/sc) with NFSS spec.: 
(fontspec)             - (eb/n) with NFSS spec.:
(fontspec)             <->s*[1]"[HaranoAjiGothic-Heavy.otf]/OT:script=hani;lang
uage=dflt;-palt;-kern;mapping=tex-text;"
(fontspec)             -  (eb/sc) with NFSS spec.: 
(fontspec)             - 'normal' (m/n) with NFSS spec.:
(fontspec)             <->s*[1]"[HaranoAjiGothic-Regular.otf]/OT:script=hani;la
nguage=dflt;-palt;-kern;mapping=tex-text;"
(fontspec)             - 'small caps'  (m/sc) with NFSS spec.: 
(fontspec)             - 'bold' (b/n) with NFSS spec.:
(fontspec)             <->s*[1]"[HaranoAjiGothic-Bold.otf]/OT:script=hani;langu
age=dflt;-palt;-kern;mapping=tex-text;"
(fontspec)             - 'bold small caps'  (b/sc) with NFSS spec.: 

LaTeX Font Info:    Font shape `TU/HaranoAjiMincho-Regular.otf(0)/m/n' will be
(Font)              scaled to size 8.0pt on input line 203.

LaTeX Warning: Marginpar on page 1 moved.

File: AdditivityOfVariance_files/figure-latex/unnamed-chunk-2-1.pdf Graphic fil
e (type pdf)
<use AdditivityOfVariance_files/figure-latex/unnamed-chunk-2-1.pdf>
File: AdditivityOfVariance_files/figure-latex/unnamed-chunk-3-1.pdf Graphic fil
e (type pdf)
<use AdditivityOfVariance_files/figure-latex/unnamed-chunk-3-1.pdf>
Missing character: There is no ｂ ("FF42) in font cmmi8!

LaTeX Warning: Marginpar on page 1 moved.

[1

]
LaTeX Font Info:    Font shape `TU/HaranoAjiGothic-Regular.otf(0)/m/n' will be
(Font)              scaled to size 10.0pt on input line 273.

Overfull \hbox (92.25pt too wide) in paragraph at lines 282--282
[]\TU/lmtt/m/n/10 ##  [1] 30.266543 33.482135 33.883714 52.912233 47.582459 25.
639092 39.881634[] 
 []


Overfull \hbox (92.25pt too wide) in paragraph at lines 282--282
[]\TU/lmtt/m/n/10 ##  [8] 14.988764 51.345507 36.475710 44.235409 45.972599 37.
013345 32.812017[] 
 []


Overfull \hbox (92.25pt too wide) in paragraph at lines 282--282
[]\TU/lmtt/m/n/10 ## [15] 14.516596 64.263308 44.186538 43.642677 21.244094 19.
564546 47.347405[] 
 []


Overfull \hbox (92.25pt too wide) in paragraph at lines 282--282
[]\TU/lmtt/m/n/10 ## [22] 58.728940 21.215430 32.750743 38.887516 29.302033 49.
807043 26.356846[] 
 []


Overfull \hbox (92.25pt too wide) in paragraph at lines 282--282
[]\TU/lmtt/m/n/10 ## [29] 23.281160 36.135680 44.107899 47.692939 16.805313 54.
466007 37.318704[] 
 []


Overfull \hbox (92.25pt too wide) in paragraph at lines 282--282
[]\TU/lmtt/m/n/10 ## [36] 23.799790 62.604869 30.765222  4.836705 53.636457 46.
941686 48.839953[] 
 []


Overfull \hbox (92.25pt too wide) in paragraph at lines 282--282
[]\TU/lmtt/m/n/10 ## [43] 46.173439 43.040911  9.799147 35.184573 19.722850 45.
581071 53.556008[] 
 []

File: AdditivityOfVariance_files/figure-latex/unnamed-chunk-5-1.pdf Graphic fil
e (type pdf)
<use AdditivityOfVariance_files/figure-latex/unnamed-chunk-5-1.pdf>

Class tufte-handout Warning: Proper spacing of small-caps letters has not been 
set up.
This message occurred on input line 315.

[2]
LaTeX Font Info:    Font shape `TU/HaranoAjiMincho-Regular.otf(0)/b/it' will be

(Font)              scaled to size 10.95pt on input line 318.

Overfull \hbox (102.75pt too wide) in paragraph at lines 345--345
[]\TU/lmtt/m/n/10 ##  [1]  16.8747940  -3.5899771  15.4848762  -5.8108516  21.3
126299  -2.6923281[] 
 []


Overfull \hbox (102.75pt too wide) in paragraph at lines 345--345
[]\TU/lmtt/m/n/10 ##  [7]  19.8018776  17.5592976  18.1182472  12.4138245  26.0
172186  15.7833011[] 
 []


Overfull \hbox (102.75pt too wide) in paragraph at lines 345--345
[]\TU/lmtt/m/n/10 ## [13]  -0.2765988  15.3199164  17.7032323  13.0090420  11.2
049580  10.3761903[] 
 []


Overfull \hbox (102.75pt too wide) in paragraph at lines 345--345
[]\TU/lmtt/m/n/10 ## [19]   5.6129375   6.4848689   4.5988170   0.4041192 -11.9
968756   8.3380746[] 
 []


Overfull \hbox (102.75pt too wide) in paragraph at lines 345--345
[]\TU/lmtt/m/n/10 ## [25]   5.0284415   4.0519065  18.8237080  -5.4725188   6.9
070690  18.8567418[] 
 []


Overfull \hbox (102.75pt too wide) in paragraph at lines 345--345
[]\TU/lmtt/m/n/10 ## [31]   1.0479369   0.8552902  26.4492488  21.7604984  12.3
795891   9.8857552[] 
 []


Overfull \hbox (102.75pt too wide) in paragraph at lines 345--345
[]\TU/lmtt/m/n/10 ## [37]  11.1948368   5.2856539   0.8707844   4.9711472  32.6
614360  11.3779946[] 
 []


Overfull \hbox (102.75pt too wide) in paragraph at lines 345--345
[]\TU/lmtt/m/n/10 ## [43]  27.2907066  28.1782244   9.1747638  -3.0257148   4.8
021001  -2.8516725[] 
 []


Overfull \hbox (102.75pt too wide) in paragraph at lines 368--368
[]\TU/lmtt/m/n/10 ##  [1]  35.6145534  15.0076269  21.8897246  13.8629208  20.3
446667  27.3814441[] 
 []


Overfull \hbox (102.75pt too wide) in paragraph at lines 368--368
[]\TU/lmtt/m/n/10 ##  [7]   2.8956442  18.0596505  23.8732482  -4.9288152  -2.2
386834  28.9913052[] 
 []


Overfull \hbox (102.75pt too wide) in paragraph at lines 368--368
[]\TU/lmtt/m/n/10 ## [13]  35.0330880  -8.5718351   5.7975086  35.9766988   3.6
891855  12.7828574[] 
 []


Overfull \hbox (102.75pt too wide) in paragraph at lines 368--368
[]\TU/lmtt/m/n/10 ## [19]  -1.8057183  24.7751618  36.0577628  14.5431025  40.8
758199  15.9372723[] 
 []


Overfull \hbox (102.75pt too wide) in paragraph at lines 368--368
[]\TU/lmtt/m/n/10 ## [25]  23.4557804  23.6267963  17.2804571  -3.1691862   9.3
926850  16.7604507[] 
 []


Overfull \hbox (102.75pt too wide) in paragraph at lines 368--368
[]\TU/lmtt/m/n/10 ## [31]  34.4599675   9.8516480   2.7117987  23.1990931  -4.7
609045  23.1869043[] 
 []


Overfull \hbox (102.75pt too wide) in paragraph at lines 368--368
[]\TU/lmtt/m/n/10 ## [37]  31.0536844  34.1684054 -11.7905499  25.4874906  18.1
658356   2.9928224[] 
 []


Overfull \hbox (102.75pt too wide) in paragraph at lines 368--368
[]\TU/lmtt/m/n/10 ## [43]  25.4289769  13.9323886  22.9294320  14.7481540  54.4
881718  15.7111684[] 
 []


Class tufte-handout Warning: Proper spacing of small-caps letters has not been 
set up.
This message occurred on input line 370.

[3]
Overfull \hbox (2.63855pt too wide) in alignment at lines 383--388
 [] [] [] [] [] 
 []


Overfull \hbox (2.63855pt too wide) in alignment at lines 388--392
 [] [] [] [] [] 
 []


Overfull \hbox (2.63855pt too wide) in alignment at lines 392--396
 [] [] [] [] [] 
 []

File: AdditivityOfVariance_files/figure-latex/unnamed-chunk-8-1.pdf Graphic fil
e (type pdf)
<use AdditivityOfVariance_files/figure-latex/unnamed-chunk-8-1.pdf>
File: AdditivityOfVariance_files/figure-latex/unnamed-chunk-9-1.pdf Graphic fil
e (type pdf)
<use AdditivityOfVariance_files/figure-latex/unnamed-chunk-9-1.pdf>

LaTeX Warning: Marginpar on page 4 moved.


Class tufte-handout Warning: Proper spacing of small-caps letters has not been 
set up.
This message occurred on input line 436.

[4]
LaTeX Font Info:    Font shape `TU/HaranoAjiMincho-Regular.otf(0)/b/n' will be
(Font)              scaled to size 10.0pt on input line 441.

Overfull \hbox (71.25pt too wide) in paragraph at lines 455--455
[]\TU/lmtt/m/n/10 ##  [1] 14.5186470  8.2265162  0.9118885 11.8694537  7.760025
6  5.0938372[] 
 []


Overfull \hbox (71.25pt too wide) in paragraph at lines 455--455
[]\TU/lmtt/m/n/10 ##  [7]  3.8634928 20.9747932  0.4723029  4.0771369 12.834033
6  9.6796570[] 
 []


Overfull \hbox (71.25pt too wide) in paragraph at lines 455--455
[]\TU/lmtt/m/n/10 ## [13] 11.4256020 18.7724639 14.6823738  5.8606737  3.706074
2  7.1215704[] 
 []

File: AdditivityOfVariance_files/figure-latex/unnamed-chunk-11-1.pdf Graphic fi
le (type pdf)
<use AdditivityOfVariance_files/figure-latex/unnamed-chunk-11-1.pdf>
File: AdditivityOfVariance_files/figure-latex/unnamed-chunk-12-1.pdf Graphic fi
le (type pdf)
<use AdditivityOfVariance_files/figure-latex/unnamed-chunk-12-1.pdf>

LaTeX Warning: Marginpar on page 5 moved.


Class tufte-handout Warning: Proper spacing of small-caps letters has not been 
set up.
This message occurred on input line 504.

[5]
Overfull \hbox (92.25pt too wide) in paragraph at lines 524--524
[]\TU/lmtt/m/n/10 ##  [1]  7.139431  9.887220 -4.155243 18.828068 15.765168  8.
794437  9.583071[] 
 []


Overfull \hbox (92.25pt too wide) in paragraph at lines 524--524
[]\TU/lmtt/m/n/10 ##  [8] 14.249243 22.482970 16.575414  6.892754  3.594099  4.
213178  3.021689[] 
 []


Overfull \hbox (39.75pt too wide) in paragraph at lines 524--524
[]\TU/lmtt/m/n/10 ## [15] 11.354231 16.786813 10.121512  3.710317  9.412671 10.
026391[] 
 []


Overfull \hbox (16.93457pt too wide) in alignment at lines 526--531
 [] [] [] [] [] 
 []


Overfull \hbox (16.93457pt too wide) in alignment at lines 531--535
 [] [] [] [] [] 
 []


Overfull \hbox (16.93457pt too wide) in alignment at lines 535--542
 [] [] [] [] [] 
 []

File: AdditivityOfVariance_files/figure-latex/unnamed-chunk-14-1.pdf Graphic fi
le (type pdf)
<use AdditivityOfVariance_files/figure-latex/unnamed-chunk-14-1.pdf>

Class tufte-handout Warning: Proper spacing of small-caps letters has not been 
set up.
This message occurred on input line 570.

[6]
LaTeX Font Info:    Font shape `TU/HaranoAjiMincho-Regular.otf(0)/m/it' will be

(Font)              scaled to size 12.0pt on input line 573.
LaTeX Font Info:    Font shape `TU/lmtt/bx/n' in size <10> not available
(Font)              Font shape `TU/lmtt/b/n' tried instead on input line 579.

LaTeX Font Warning: Font shape `TU/HaranoAjiGothic-Regular.otf(0)/m/it' undefin
ed
(Font)              using `TU/HaranoAjiGothic-Regular.otf(0)/m/n' instead on in
put line 580.


Class tufte-handout Warning: Proper spacing of small-caps letters has not been 
set up.
This message occurred on input line 650.

[7]

Class tufte-handout Warning: Proper spacing of small-caps letters has not been 
set up.
This message occurred on input line 710.

[8]

Class tufte-handout Warning: Proper spacing of small-caps letters has not been 
set up.
This message occurred on input line 714.

[9]

Class tufte-handout Warning: Proper spacing of small-caps letters has not been 
set up.
This message occurred on input line 807.

[10]

Class tufte-handout Warning: Proper spacing of small-caps letters has not been 
set up.
This message occurred on input line 847.

[11]

Class tufte-handout Warning: Proper spacing of small-caps letters has not been 
set up.
This message occurred on input line 868.

[12]
LaTeX Font Info:    Font shape `TU/HaranoAjiMincho-Regular.otf(0)/m/it' will be

(Font)              scaled to size 10.95pt on input line 897.

Class tufte-handout Warning: Proper spacing of small-caps letters has not been 
set up.
This message occurred on input line 909.

[13]
Overfull \hbox (8.25pt too wide) in paragraph at lines 922--922
[]\TU/lmtt/m/n/10 ## alternative hypothesis: true correlation is not equal to 0
[] 
 []


Class tufte-handout Warning: Proper spacing of small-caps letters has not been 
set up.
This message occurred on input line 924.

[14]

LaTeX Warning: Marginpar on page 15 moved.

(./AdditivityOfVariance.bbl
LaTeX Font Info:    Font shape `TU/HaranoAjiMincho-Regular.otf(0)/m/it' will be

(Font)              scaled to size 10.0pt on input line 10.
)

Class tufte-handout Warning: Proper spacing of small-caps letters has not been 
set up.
This message occurred on input line 947.

[15] (./AdditivityOfVariance.aux)

LaTeX Font Warning: Some font shapes were not available, defaults substituted.

Package rerunfilecheck Info: File `AdditivityOfVariance.out' has not changed.
(rerunfilecheck)             Checksum: CA0FAF6774CAF1F15A02D8CCB24C04B0;485.
 ) 
Here is how much of TeX's memory you used:
 22440 strings out of 478682
 429343 string characters out of 5861142
 839651 words of memory out of 5000000
 42070 multiletter control sequences out of 15000+600000
 409023 words of font info for 90 fonts, out of 8000000 for 9000
 14 hyphenation exceptions out of 8191
 108i,11n,143p,422b,545s stack positions out of 5000i,500n,10000p,200000b,80000s

Output written on AdditivityOfVariance.pdf (15 pages).
